iMPACT Version: 10.1

iMPACT log file Started on Wed Mar 09 15:01:42 2011

// *** BATCH CMD : setMode -bs
// *** BATCH CMD : setMode -bs
GUI --- Auto connect to cable...
// *** BATCH CMD : setCable -port auto
AutoDetecting cable. Please wait.
PROGRESS_START - Starting Operation.
Connecting to cable (Parallel Port - LPT1).
Checking cable driver.
 Driver windrvr6.sys version = 8.1.1.0. WinDriver v8.11 Jungo (c) 1997 - 2006 Build Date: Oct 16 2006 X86 32bit SYS12:35:07, version = 811.
Cable connection failed.
Connecting to cable (Parallel Port - LPT2).
Checking cable driver.
 Driver windrvr6.sys version = 8.1.1.0. WinDriver v8.11 Jungo (c) 1997 - 2006 Build Date: Oct 16 2006 X86 32bit SYS12:35:07, version = 811.
Cable connection failed.
Connecting to cable (Parallel Port - LPT3).
Checking cable driver.
 Driver windrvr6.sys version = 8.1.1.0. WinDriver v8.11 Jungo (c) 1997 - 2006 Build Date: Oct 16 2006 X86 32bit SYS12:35:07, version = 811.
Cable connection failed.
Connecting to cable (Parallel Port - LPT4).
Checking cable driver.
 Driver windrvr6.sys version = 8.1.1.0. WinDriver v8.11 Jungo (c) 1997 - 2006 Build Date: Oct 16 2006 X86 32bit SYS12:35:07, version = 811.
Cable connection failed.
Connecting to cable (Usb Port - USB21).
Checking cable driver.
 Driver file xusb_emb.sys found.
 Driver version: src=1029, dest=1029.
 Driver windrvr6.sys version = 8.1.1.0. WinDriver v8.11 Jungo (c) 1997 - 2006 Build Date: Oct 16 2006 X86 32bit SYS12:35:07, version = 811.
 Cable PID = 0008.
 Max current requested during enumeration is 74 mA.
Type = 0x0004.
 Cable Type = 3, Revision = 0.
 Setting cable speed to 6 MHz.
Cable connection established.
Firmware version = 1029.
File version of C:/Xilinx/10.1/ISE/data/xusb_xlp.hex = 1302.
Firmware hex file version = 1302.
Downloading C:/Xilinx/10.1/ISE/data/xusb_xlp.hex.
Downloaded firmware version = 1302.
Type = 0x0004.
ESN option: 00000000000000.
PLD file version = 0012h.
 PLD version = 0012h.
PROGRESS_END - End Operation.
Elapsed time =      2 sec.
Attempting to identify devices in the boundary-scan chain configuration...// *** BATCH CMD : Identify 
PROGRESS_START - Starting Operation.
Identifying chain contents ....'1': : Manufacturer's ID =Xilinx xc2c64a, Version : 0
INFO:iMPACT:1777 - 
   Reading C:/Xilinx/10.1/ISE/xbr/data/xc2c64a.bsd...
INFO:iMPACT:501 - '1': Added Device xc2c64a successfully.
----------------------------------------------------------------------
----------------------------------------------------------------------
'2': : Manufacturer's ID =Xilinx xcf04s, Version : 15
INFO:iMPACT:1777 - 
   Reading C:/Xilinx/10.1/ISE/xcf/data/xcf04s.bsd...
INFO:iMPACT:501 - '1': Added Device xcf04s successfully.
----------------------------------------------------------------------
----------------------------------------------------------------------
'3': : Manufacturer's ID =Xilinx xc3s500e, Version : 0
INFO:iMPACT:1777 - 
   Reading C:/Xilinx/10.1/ISE/spartan3e/data/xc3s500e.bsd...
INFO:iMPACT:501 - '1': Added Device xc3s500e successfully.
----------------------------------------------------------------------
----------------------------------------------------------------------
done.
PROGRESS_END - End Operation.
Elapsed time =      2 sec.
// *** BATCH CMD : identifyMPM 
// *** BATCH CMD : assignFile -p 1 -file "D:/workspace/single_CPU/top.bit"
'1': Loading file 'D:/workspace/single_CPU/top.bit' ...
done.
INFO:iMPACT:2257 - Startup Clock has been changed to 'JtagClk' in the bitstream   stored in memory,
   but the original bitstream file remains unchanged.
----------------------------------------------------------------------
INFO:iMPACT:501 - '1': Added Device xc3s500e successfully.
----------------------------------------------------------------------
----------------------------------------------------------------------
// *** BATCH CMD : Program -p 1 
Maximum TCK operating frequency for this device chain: 10000000.
Validating chain...
Boundary-scan chain validated successfully.
'1': Programming device...
PROGRESS_START - Starting Operation.
done.
'1': Reading status register contents...
CRC error                                         :         0
Decryptor security set                            :         0
DCM locked                                        :         1
DCI matched                                       :         1
legacy input error                                :         0
status of GTS_CFG_B                               :         1
status of GWE                                     :         1
status of GHIGH                                   :         1
value of MODE pin M0                              :         0
value of MODE pin M1                              :         0
value of MODE pin M2                              :         0
value of CFG_RDY (INIT_B)                         :         1
DONEIN input from DONE pin                        :         1
IDCODE not validated while trying to write FDRI   :         0
write FDRI issued before or after decrypt operation:         0
Decryptor keys not used in proper sequence        :         0
INFO:iMPACT:2219 - Status register values:
INFO:iMPACT - 0011 0111 0001 1000 0000 0000 0000 0000 
INFO:iMPACT:579 - '1': Completed downloading bit file to device.
INFO:iMPACT - '1': Checking done pin....done.
'1': Programmed successfully.
PROGRESS_END - End Operation.
Elapsed time =      1 sec.
// *** BATCH CMD : Program -p 1 
Maximum TCK operating frequency for this device chain: 10000000.
Validating chain...
Boundary-scan chain validated successfully.
'1': Programming device...
PROGRESS_START - Starting Operation.
done.
'1': Reading status register contents...
CRC error                                         :         0
Decryptor security set                            :         0
DCM locked                                        :         1
DCI matched                                       :         1
legacy input error                                :         0
status of GTS_CFG_B                               :         1
status of GWE                                     :         1
status of GHIGH                                   :         1
value of MODE pin M0                              :         0
value of MODE pin M1                              :         0
value of MODE pin M2                              :         0
value of CFG_RDY (INIT_B)                         :         1
DONEIN input from DONE pin                        :         1
IDCODE not validated while trying to write FDRI   :         0
write FDRI issued before or after decrypt operation:         0
Decryptor keys not used in proper sequence        :         0
INFO:iMPACT:2219 - Status register values:
INFO:iMPACT - 0011 0111 0001 1000 0000 0000 0000 0000 
INFO:iMPACT:579 - '1': Completed downloading bit file to device.
INFO:iMPACT - '1': Checking done pin....done.
'1': Programmed successfully.
PROGRESS_END - End Operation.
Elapsed time =      1 sec.
// *** BATCH CMD : setMode -bs
// *** BATCH CMD : deleteDevice -position 3
----------------------------------------------------------------------
// *** BATCH CMD : deleteDevice -position 2
----------------------------------------------------------------------
// *** BATCH CMD : deleteDevice -position 1
Generating IP...
WARNING:sim:89 - A core named <c_dat_mem> already exists in the output   directory. Output products for this core may be overwritten.
Generating Implementation files.
Generating the VHDL wrapper.
Generating ISE symbol file...
WARNING:coreutil -  Default charset GBK not supported, using ISO-8859-1 instea
Generating NGC file.
Finished Generating.
Successfully generated c_dat_mem.
Recustomizing IP...
WARNING:coreutil -  Default charset GBK not supported, using ISO-8859-1 instea
Finished Recustomizing.
Recustomizing IP...
WARNING:coreutil -  Default charset GBK not supported, using ISO-8859-1 instea
Finished Recustomizing.
Regenerating IP...
WARNING:sim:89 - A core named <c_instr_mem> already exists in the output   directory. Output products for this core may be overwritten.
Generating the VHDL wrapper.
Generating ISE symbol file...
WARNING:coreutil -  Default charset GBK not supported, using ISO-8859-1 instea
Generating NGC file.
Finished Regenerating.
Successfully generated c_instr_mem.
// *** BATCH CMD : setMode -bs
// *** BATCH CMD : setMode -bs
GUI --- Auto connect to cable...
// *** BATCH CMD : setCable -port auto
AutoDetecting cable. Please wait.
PROGRESS_START - Starting Operation.
Connecting to cable (Parallel Port - LPT1).
Checking cable driver.
 Driver windrvr6.sys version = 8.1.1.0. WinDriver v8.11 Jungo (c) 1997 - 2006 Build Date: Oct 16 2006 X86 32bit SYS12:35:07, version = 811.
Cable connection failed.
Connecting to cable (Parallel Port - LPT2).
Checking cable driver.
 Driver windrvr6.sys version = 8.1.1.0. WinDriver v8.11 Jungo (c) 1997 - 2006 Build Date: Oct 16 2006 X86 32bit SYS12:35:07, version = 811.
Cable connection failed.
Connecting to cable (Parallel Port - LPT3).
Checking cable driver.
 Driver windrvr6.sys version = 8.1.1.0. WinDriver v8.11 Jungo (c) 1997 - 2006 Build Date: Oct 16 2006 X86 32bit SYS12:35:07, version = 811.
Cable connection failed.
Connecting to cable (Parallel Port - LPT4).
Checking cable driver.
 Driver windrvr6.sys version = 8.1.1.0. WinDriver v8.11 Jungo (c) 1997 - 2006 Build Date: Oct 16 2006 X86 32bit SYS12:35:07, version = 811.
Cable connection failed.
Connecting to cable (Usb Port - USB21).
Checking cable driver.
 Driver file xusb_emb.sys found.
 Driver version: src=1029, dest=1029.
 Driver windrvr6.sys version = 8.1.1.0. WinDriver v8.11 Jungo (c) 1997 - 2006 Build Date: Oct 16 2006 X86 32bit SYS12:35:07, version = 811.
 Cable PID = 0008.
 Max current requested during enumeration is 74 mA.
Type = 0x0004.
 Cable Type = 3, Revision = 0.
 Setting cable speed to 6 MHz.
Cable connection established.
Firmware version = 1302.
File version of C:/Xilinx/10.1/ISE/data/xusb_xlp.hex = 1302.
Firmware hex file version = 1302.
Type = 0x0004.
ESN option: 00000000000000.
PLD file version = 0012h.
 PLD version = 0012h.
PROGRESS_END - End Operation.
Elapsed time =      2 sec.
Attempting to identify devices in the boundary-scan chain configuration...// *** BATCH CMD : Identify 
PROGRESS_START - Starting Operation.
Identifying chain contents ....'1': : Manufacturer's ID =Xilinx xc2c64a, Version : 0
INFO:iMPACT:1777 - 
   Reading C:/Xilinx/10.1/ISE/xbr/data/xc2c64a.bsd...
INFO:iMPACT:501 - '1': Added Device xc2c64a successfully.
----------------------------------------------------------------------
----------------------------------------------------------------------
'2': : Manufacturer's ID =Xilinx xcf04s, Version : 15
INFO:iMPACT:1777 - 
   Reading C:/Xilinx/10.1/ISE/xcf/data/xcf04s.bsd...
INFO:iMPACT:501 - '1': Added Device xcf04s successfully.
----------------------------------------------------------------------
----------------------------------------------------------------------
'3': : Manufacturer's ID =Xilinx xc3s500e, Version : 0
INFO:iMPACT:1777 - 
   Reading C:/Xilinx/10.1/ISE/spartan3e/data/xc3s500e.bsd...
INFO:iMPACT:501 - '1': Added Device xc3s500e successfully.
----------------------------------------------------------------------
----------------------------------------------------------------------
done.
PROGRESS_END - End Operation.
Elapsed time =      0 sec.
// *** BATCH CMD : identifyMPM 
// *** BATCH CMD : assignFile -p 1 -file "D:/workspace/single_CPU/top.bit"
'1': Loading file 'D:/workspace/single_CPU/top.bit' ...
done.
INFO:iMPACT:2257 - Startup Clock has been changed to 'JtagClk' in the bitstream   stored in memory,
   but the original bitstream file remains unchanged.
----------------------------------------------------------------------
INFO:iMPACT:501 - '1': Added Device xc3s500e successfully.
----------------------------------------------------------------------
----------------------------------------------------------------------
// *** BATCH CMD : Program -p 1 
Maximum TCK operating frequency for this device chain: 10000000.
Validating chain...
Boundary-scan chain validated successfully.
'1': Programming device...
PROGRESS_START - Starting Operation.
done.
'1': Reading status register contents...
CRC error                                         :         0
Decryptor security set                            :         0
DCM locked                                        :         1
DCI matched                                       :         1
legacy input error                                :         0
status of GTS_CFG_B                               :         1
status of GWE                                     :         1
status of GHIGH                                   :         1
value of MODE pin M0                              :         0
value of MODE pin M1                              :         0
value of MODE pin M2                              :         0
value of CFG_RDY (INIT_B)                         :         1
DONEIN input from DONE pin                        :         1
IDCODE not validated while trying to write FDRI   :         0
write FDRI issued before or after decrypt operation:         0
Decryptor keys not used in proper sequence        :         0
INFO:iMPACT:2219 - Status register values:
INFO:iMPACT - 0011 0111 0001 1000 0000 0000 0000 0000 
INFO:iMPACT:579 - '1': Completed downloading bit file to device.
INFO:iMPACT - '1': Checking done pin....done.
'1': Programmed successfully.
PROGRESS_END - End Operation.
Elapsed time =      1 sec.
// *** BATCH CMD : Program -p 1 
Maximum TCK operating frequency for this device chain: 10000000.
Validating chain...
Boundary-scan chain validated successfully.
'1': Programming device...
PROGRESS_START - Starting Operation.
done.
'1': Reading status register contents...
CRC error                                         :         0
Decryptor security set                            :         0
DCM locked                                        :         1
DCI matched                                       :         1
legacy input error                                :         0
status of GTS_CFG_B                               :         1
status of GWE                                     :         1
status of GHIGH                                   :         1
value of MODE pin M0                              :         0
value of MODE pin M1                              :         0
value of MODE pin M2                              :         0
value of CFG_RDY (INIT_B)                         :         1
DONEIN input from DONE pin                        :         1
IDCODE not validated while trying to write FDRI   :         0
write FDRI issued before or after decrypt operation:         0
Decryptor keys not used in proper sequence        :         0
INFO:iMPACT:2219 - Status register values:
INFO:iMPACT - 0011 0111 0001 1000 0000 0000 0000 0000 
INFO:iMPACT:579 - '1': Completed downloading bit file to device.
INFO:iMPACT - '1': Checking done pin....done.
'1': Programmed successfully.
PROGRESS_END - End Operation.
Elapsed time =      1 sec.
Cable is not connected.
